<?xml version="1.0" encoding="UTF-8"?>
<coverage generated="1384738172">
  <project timestamp="1384738172">
    <package name="Dat0r">
      <file name="/home/vagrant/projects/Dat0r/src/Dat0r/AutoloadException.php">
        <class name="AutoloadException" namespace="Dat0r">
          <metrics methods="0" coveredmethods="0" conditionals="0" coveredconditionals="0" statements="0" coveredstatements="0" elements="0" coveredelements="0"/>
        </class>
        <line num="13" type="stmt" count="0"/>
        <metrics loc="12" ncloc="9" classes="1" methods="0" coveredmethods="0" conditionals="0" coveredconditionals="0" statements="0" coveredstatements="0" elements="0" coveredelements="0"/>
      </file>
      <file name="/home/vagrant/projects/Dat0r/src/Dat0r/Autoloader.php">
        <class name="Autoloader" namespace="Dat0r">
          <metrics methods="6" coveredmethods="5" conditionals="0" coveredconditionals="0" statements="35" coveredstatements="28" elements="41" coveredelements="33"/>
        </class>
        <line num="0" type="stmt" count="1"/>
        <line num="59" type="method" name="autoload" crap="3" count="56"/>
        <line num="61" type="stmt" count="56"/>
        <line num="63" type="stmt" count="56"/>
        <line num="64" type="stmt" count="8"/>
        <line num="65" type="stmt" count="8"/>
        <line num="66" type="stmt" count="54"/>
        <line num="69" type="stmt" count="56"/>
        <line num="70" type="stmt" count="8"/>
        <line num="71" type="stmt" count="8"/>
        <line num="72" type="stmt" count="56"/>
        <line num="81" type="method" name="buildCorePath" crap="3" count="8"/>
        <line num="83" type="stmt" count="8"/>
        <line num="84" type="stmt" count="8"/>
        <line num="85" type="stmt" count="8"/>
        <line num="86" type="stmt" count="8"/>
        <line num="87" type="stmt" count="8"/>
        <line num="89" type="stmt" count="8"/>
        <line num="90" type="stmt" count="8"/>
        <line num="100" type="method" name="buildDomainPath" crap="3.71" count="54"/>
        <line num="102" type="stmt" count="54"/>
        <line num="104" type="stmt" count="54"/>
        <line num="105" type="stmt" count="0"/>
        <line num="106" type="stmt" count="0"/>
        <line num="107" type="stmt" count="0"/>
        <line num="109" type="stmt" count="54"/>
        <line num="111" type="stmt" count="54"/>
        <line num="121" type="method" name="buildPath" crap="1" count="8"/>
        <line num="123" type="stmt" count="8"/>
        <line num="124" type="stmt" count="8"/>
        <line num="125" type="stmt" count="8"/>
        <line num="127" type="stmt" count="8"/>
        <line num="129" type="stmt" count="8"/>
        <line num="139" type="method" name="tryRequire" crap="2.75" count="8"/>
        <line num="141" type="stmt" count="8"/>
        <line num="142" type="stmt" count="0"/>
        <line num="144" type="stmt" count="0"/>
        <line num="145" type="stmt" count="0"/>
        <line num="146" type="stmt" count="0"/>
        <line num="149" type="stmt" count="8"/>
        <line num="150" type="stmt" count="8"/>
        <metrics loc="151" ncloc="92" classes="1" methods="5" coveredmethods="3" conditionals="0" coveredconditionals="0" statements="35" coveredstatements="28" elements="40" coveredelements="31"/>
      </file>
    </package>
    <package name="Dat0r\CodeGen\Builder">
      <file name="/home/vagrant/projects/Dat0r/src/Dat0r/CodeGen/Builder/ClassBuilder.php">
        <class name="ClassBuilder" namespace="Dat0r\CodeGen\Builder">
          <metrics methods="11" coveredmethods="9" conditionals="0" coveredconditionals="0" statements="113" coveredstatements="101" elements="124" coveredelements="110"/>
        </class>
        <line num="0" type="stmt" count="1"/>
        <line num="23" type="method" name="getImplementor" crap="1" count="0"/>
        <line num="25" type="method" name="getTemplate" crap="1" count="0"/>
        <line num="27" type="method" name="__construct" crap="1" count="3"/>
        <line num="29" type="stmt" count="3"/>
        <line num="30" type="stmt" count="3"/>
        <line num="31" type="stmt" count="3"/>
        <line num="32" type="stmt" count="3"/>
        <line num="33" type="stmt" count="3"/>
        <line num="34" type="stmt" count="3"/>
        <line num="36" type="method" name="build" crap="1" count="3"/>
        <line num="38" type="stmt" count="3"/>
        <line num="39" type="stmt" count="3"/>
        <line num="41" type="stmt" count="3"/>
        <line num="43" type="stmt" count="3"/>
        <line num="44" type="stmt" count="3"/>
        <line num="45" type="stmt" count="3"/>
        <line num="46" type="stmt" count="3"/>
        <line num="47" type="stmt" count="3"/>
        <line num="48" type="stmt" count="3"/>
        <line num="49" type="stmt" count="3"/>
        <line num="50" type="stmt" count="3"/>
        <line num="51" type="stmt" count="3"/>
        <line num="52" type="stmt" count="3"/>
        <line num="55" type="method" name="getTemplateVars" crap="1" count="3"/>
        <line num="57" type="stmt" count="3"/>
        <line num="58" type="stmt" count="3"/>
        <line num="60" type="stmt" count="3"/>
        <line num="61" type="stmt" count="3"/>
        <line num="62" type="stmt" count="3"/>
        <line num="63" type="stmt" count="3"/>
        <line num="64" type="stmt" count="3"/>
        <line num="65" type="stmt" count="3"/>
        <line num="67" type="stmt" count="3"/>
        <line num="68" type="stmt" count="3"/>
        <line num="69" type="stmt" count="3"/>
        <line num="72" type="stmt" count="3"/>
        <line num="73" type="stmt" count="3"/>
        <line num="74" type="stmt" count="3"/>
        <line num="75" type="stmt" count="3"/>
        <line num="76" type="stmt" count="3"/>
        <line num="77" type="stmt" count="3"/>
        <line num="78" type="stmt" count="3"/>
        <line num="79" type="stmt" count="3"/>
        <line num="80" type="stmt" count="3"/>
        <line num="81" type="stmt" count="3"/>
        <line num="82" type="stmt" count="3"/>
        <line num="83" type="stmt" count="3"/>
        <line num="86" type="method" name="buildNamespace" crap="1" count="3"/>
        <line num="88" type="stmt" count="3"/>
        <line num="91" type="method" name="buildPackage" crap="1" count="3"/>
        <line num="93" type="stmt" count="3"/>
        <line num="96" type="method" name="getParentImplementor" crap="1" count="3"/>
        <line num="98" type="stmt" count="3"/>
        <line num="100" type="stmt" count="3"/>
        <line num="101" type="stmt" count="3"/>
        <line num="102" type="stmt" count="3"/>
        <line num="103" type="stmt" count="3"/>
        <line num="104" type="stmt" count="3"/>
        <line num="105" type="stmt" count="3"/>
        <line num="108" type="method" name="buildFieldDefinitionData" crap="5.39" count="3"/>
        <line num="110" type="stmt" count="3"/>
        <line num="111" type="stmt" count="3"/>
        <line num="113" type="stmt" count="3"/>
        <line num="114" type="stmt" count="3"/>
        <line num="115" type="stmt" count="3"/>
        <line num="117" type="stmt" count="3"/>
        <line num="118" type="stmt" count="3"/>
        <line num="119" type="stmt" count="3"/>
        <line num="120" type="stmt" count="0"/>
        <line num="121" type="stmt" count="0"/>
        <line num="122" type="stmt" count="0"/>
        <line num="123" type="stmt" count="0"/>
        <line num="124" type="stmt" count="0"/>
        <line num="125" type="stmt" count="0"/>
        <line num="126" type="stmt" count="0"/>
        <line num="128" type="stmt" count="3"/>
        <line num="129" type="stmt" count="3"/>
        <line num="130" type="stmt" count="3"/>
        <line num="132" type="stmt" count="3"/>
        <line num="133" type="stmt" count="3"/>
        <line num="134" type="stmt" count="3"/>
        <line num="135" type="stmt" count="3"/>
        <line num="136" type="stmt" count="3"/>
        <line num="137" type="stmt" count="3"/>
        <line num="138" type="stmt" count="3"/>
        <line num="139" type="stmt" count="3"/>
        <line num="140" type="stmt" count="3"/>
        <line num="142" type="stmt" count="3"/>
        <line num="145" type="method" name="expandAggregateNamespaces" crap="1" count="3"/>
        <line num="147" type="stmt" count="3"/>
        <line num="149" type="method" name="preRenderOptions" crap="7.17" count="3"/>
        <line num="151" type="stmt" count="3"/>
        <line num="152" type="stmt" count="3"/>
        <line num="155" type="stmt" count="3"/>
        <line num="156" type="stmt" count="3"/>
        <line num="157" type="stmt" count="3"/>
        <line num="158" type="stmt" count="3"/>
        <line num="159" type="stmt" count="3"/>
        <line num="160" type="stmt" count="3"/>
        <line num="161" type="stmt" count="3"/>
        <line num="162" type="stmt" count="3"/>
        <line num="163" type="stmt" count="3"/>
        <line num="164" type="stmt" count="3"/>
        <line num="165" type="stmt" count="3"/>
        <line num="166" type="stmt" count="3"/>
        <line num="167" type="stmt" count="3"/>
        <line num="168" type="stmt" count="3"/>
        <line num="169" type="stmt" count="0"/>
        <line num="170" type="stmt" count="0"/>
        <line num="171" type="stmt" count="0"/>
        <line num="172" type="stmt" count="0"/>
        <line num="173" type="stmt" count="0"/>
        <line num="174" type="stmt" count="3"/>
        <line num="175" type="stmt" count="3"/>
        <line num="176" type="stmt" count="3"/>
        <line num="177" type="stmt" count="3"/>
        <line num="178" type="stmt" count="3"/>
        <line num="179" type="stmt" count="3"/>
        <line num="180" type="stmt" count="3"/>
        <line num="181" type="stmt" count="3"/>
        <line num="182" type="stmt" count="3"/>
        <line num="184" type="stmt" count="3"/>
        <line num="185" type="stmt" count="3"/>
        <line num="187" type="stmt" count="3"/>
        <line num="190" type="stmt" count="1"/>
        <metrics loc="189" ncloc="189" classes="1" methods="9" coveredmethods="7" conditionals="0" coveredconditionals="0" statements="113" coveredstatements="101" elements="122" coveredelements="108"/>
      </file>
      <file name="/home/vagrant/projects/Dat0r/src/Dat0r/CodeGen/Builder/ClassContainer.php">
        <class name="ClassContainer" namespace="Dat0r\CodeGen\Builder">
          <metrics methods="6" coveredmethods="1" conditionals="0" coveredconditionals="0" statements="9" coveredstatements="4" elements="15" coveredelements="5"/>
        </class>
        <line num="19" type="method" name="getFileName" crap="2" count="0"/>
        <line num="21" type="stmt" count="0"/>
        <line num="24" type="method" name="getNamespace" crap="2" count="0"/>
        <line num="26" type="stmt" count="0"/>
        <line num="29" type="method" name="setNamespace" crap="1" count="3"/>
        <line num="31" type="stmt" count="3"/>
        <line num="32" type="stmt" count="3"/>
        <line num="33" type="stmt" count="3"/>
        <line num="34" type="stmt" count="3"/>
        <line num="36" type="method" name="getPackage" crap="2" count="0"/>
        <line num="38" type="stmt" count="0"/>
        <line num="41" type="method" name="getClassName" crap="2" count="0"/>
        <line num="43" type="stmt" count="0"/>
        <line num="46" type="method" name="getSourceCode" crap="2" count="0"/>
        <line num="48" type="stmt" count="0"/>
        <line num="51" type="stmt" count="1"/>
        <metrics loc="50" ncloc="50" classes="1" methods="6" coveredmethods="1" conditionals="0" coveredconditionals="0" statements="9" coveredstatements="4" elements="15" coveredelements="5"/>
      </file>
      <file name="/home/vagrant/projects/Dat0r/src/Dat0r/CodeGen/Builder/ClassContainerList.php">
        <class name="ClassContainerList" namespace="Dat0r\CodeGen\Builder">
          <metrics methods="1" coveredmethods="0" conditionals="0" coveredconditionals="0" statements="1" coveredstatements="0" elements="2" coveredelements="0"/>
        </class>
        <line num="10" type="method" name="getItemImplementor" crap="2" count="0"/>
        <line num="12" type="stmt" count="0"/>
        <line num="15" type="stmt" count="1"/>
        <metrics loc="14" ncloc="14" classes="1" methods="1" coveredmethods="0" conditionals="0" coveredconditionals="0" statements="1" coveredstatements="0" elements="2" coveredelements="0"/>
      </file>
      <file name="/home/vagrant/projects/Dat0r/src/Dat0r/CodeGen/Builder/DocumentBaseClass.php">
        <class name="DocumentBaseClass" namespace="Dat0r\CodeGen\Builder">
          <metrics methods="3" coveredmethods="3" conditionals="0" coveredconditionals="0" statements="7" coveredstatements="7" elements="10" coveredelements="10"/>
        </class>
        <line num="9" type="method" name="getTemplate" crap="1" count="3"/>
        <line num="11" type="stmt" count="3"/>
        <line num="14" type="method" name="buildPackage" crap="1" count="3"/>
        <line num="16" type="stmt" count="3"/>
        <line num="19" type="method" name="getParentImplementor" crap="2" count="3"/>
        <line num="21" type="stmt" count="3"/>
        <line num="23" type="stmt" count="3"/>
        <line num="24" type="stmt" count="3"/>
        <line num="25" type="stmt" count="3"/>
        <line num="27" type="stmt" count="3"/>
        <line num="30" type="stmt" count="1"/>
        <metrics loc="29" ncloc="29" classes="1" methods="3" coveredmethods="3" conditionals="0" coveredconditionals="0" statements="7" coveredstatements="7" elements="10" coveredelements="10"/>
      </file>
      <file name="/home/vagrant/projects/Dat0r/src/Dat0r/CodeGen/Builder/DocumentClass.php">
        <class name="DocumentClass" namespace="Dat0r\CodeGen\Builder">
          <metrics methods="2" coveredmethods="2" conditionals="0" coveredconditionals="0" statements="2" coveredstatements="2" elements="4" coveredelements="4"/>
        </class>
        <line num="9" type="method" name="getImplementor" crap="1" count="3"/>
        <line num="11" type="stmt" count="3"/>
        <line num="14" type="method" name="getTemplate" crap="1" count="3"/>
        <line num="16" type="stmt" count="3"/>
        <line num="19" type="stmt" count="1"/>
        <metrics loc="18" ncloc="18" classes="1" methods="2" coveredmethods="2" conditionals="0" coveredconditionals="0" statements="2" coveredstatements="2" elements="4" coveredelements="4"/>
      </file>
      <file name="/home/vagrant/projects/Dat0r/src/Dat0r/CodeGen/Builder/ModuleBaseClass.php">
        <class name="ModuleBaseClass" namespace="Dat0r\CodeGen\Builder">
          <metrics methods="5" coveredmethods="5" conditionals="0" coveredconditionals="0" statements="40" coveredstatements="40" elements="45" coveredelements="45"/>
        </class>
        <line num="12" type="method" name="getTemplate" crap="1" count="3"/>
        <line num="14" type="stmt" count="3"/>
        <line num="17" type="method" name="buildPackage" crap="1" count="3"/>
        <line num="19" type="stmt" count="3"/>
        <line num="22" type="method" name="getParentImplementor" crap="3" count="3"/>
        <line num="24" type="stmt" count="3"/>
        <line num="26" type="stmt" count="3"/>
        <line num="27" type="stmt" count="3"/>
        <line num="28" type="stmt" count="3"/>
        <line num="29" type="stmt" count="3"/>
        <line num="30" type="stmt" count="3"/>
        <line num="31" type="stmt" count="3"/>
        <line num="32" type="stmt" count="3"/>
        <line num="33" type="stmt" count="3"/>
        <line num="34" type="stmt" count="3"/>
        <line num="36" type="stmt" count="3"/>
        <line num="39" type="method" name="getTemplateVars" crap="1" count="3"/>
        <line num="41" type="stmt" count="3"/>
        <line num="42" type="stmt" count="3"/>
        <line num="44" type="stmt" count="3"/>
        <line num="45" type="stmt" count="3"/>
        <line num="46" type="stmt" count="3"/>
        <line num="47" type="stmt" count="3"/>
        <line num="48" type="stmt" count="3"/>
        <line num="49" type="stmt" count="3"/>
        <line num="50" type="stmt" count="3"/>
        <line num="52" type="stmt" count="3"/>
        <line num="53" type="stmt" count="3"/>
        <line num="54" type="stmt" count="3"/>
        <line num="57" type="method" name="expandAggregateNamespaces" crap="4" count="3"/>
        <line num="59" type="stmt" count="3"/>
        <line num="60" type="stmt" count="3"/>
        <line num="61" type="stmt" count="3"/>
        <line num="62" type="stmt" count="3"/>
        <line num="63" type="stmt" count="3"/>
        <line num="64" type="stmt" count="3"/>
        <line num="65" type="stmt" count="3"/>
        <line num="66" type="stmt" count="3"/>
        <line num="67" type="stmt" count="3"/>
        <line num="68" type="stmt" count="3"/>
        <line num="69" type="stmt" count="3"/>
        <line num="70" type="stmt" count="3"/>
        <line num="71" type="stmt" count="3"/>
        <line num="72" type="stmt" count="3"/>
        <line num="73" type="stmt" count="3"/>
        <line num="75" type="stmt" count="1"/>
        <metrics loc="74" ncloc="74" classes="1" methods="5" coveredmethods="5" conditionals="0" coveredconditionals="0" statements="40" coveredstatements="40" elements="45" coveredelements="45"/>
      </file>
      <file name="/home/vagrant/projects/Dat0r/src/Dat0r/CodeGen/Builder/ModuleClass.php">
        <class name="ModuleClass" namespace="Dat0r\CodeGen\Builder">
          <metrics methods="2" coveredmethods="2" conditionals="0" coveredconditionals="0" statements="2" coveredstatements="2" elements="4" coveredelements="4"/>
        </class>
        <line num="7" type="method" name="getImplementor" crap="1" count="3"/>
        <line num="9" type="stmt" count="3"/>
        <line num="12" type="method" name="getTemplate" crap="1" count="3"/>
        <line num="14" type="stmt" count="3"/>
        <line num="17" type="stmt" count="1"/>
        <metrics loc="16" ncloc="16" classes="1" methods="2" coveredmethods="2" conditionals="0" coveredconditionals="0" statements="2" coveredstatements="2" elements="4" coveredelements="4"/>
      </file>
    </package>
    <file name="/home/vagrant/projects/Dat0r/src/Dat0r/CodeGen/Builder/IClassBuilder.php">
      <line num="9" type="stmt" count="1"/>
      <metrics loc="8" ncloc="8" classes="0" methods="0" coveredmethods="0" conditionals="0" coveredconditionals="0" statements="0" coveredstatements="0" elements="0" coveredelements="0"/>
    </file>
    <file name="/home/vagrant/projects/Dat0r/src/Dat0r/CodeGen/Builder/IClassContainer.php">
      <line num="17" type="stmt" count="1"/>
      <metrics loc="16" ncloc="16" classes="0" methods="0" coveredmethods="0" conditionals="0" coveredconditionals="0" statements="0" coveredstatements="0" elements="0" coveredelements="0"/>
    </file>
    <package name="Dat0r\CodeGen\Config">
      <file name="/home/vagrant/projects/Dat0r/src/Dat0r/CodeGen/Config/Config.php">
        <class name="Config" namespace="Dat0r\CodeGen\Config">
          <metrics methods="8" coveredmethods="8" conditionals="0" coveredconditionals="0" statements="20" coveredstatements="20" elements="28" coveredelements="28"/>
        </class>
        <line num="19" type="method" name="getCacheDir" crap="1" count="4"/>
        <line num="21" type="stmt" count="4"/>
        <line num="24" type="method" name="setCacheDir" crap="1" count="14"/>
        <line num="26" type="stmt" count="14"/>
        <line num="27" type="stmt" count="14"/>
        <line num="29" type="method" name="getDeployDir" crap="1" count="4"/>
        <line num="31" type="stmt" count="4"/>
        <line num="34" type="method" name="setDeployDir" crap="1" count="14"/>
        <line num="36" type="stmt" count="14"/>
        <line num="37" type="stmt" count="14"/>
        <line num="39" type="method" name="getDeployMethod" crap="1" count="4"/>
        <line num="41" type="stmt" count="4"/>
        <line num="44" type="method" name="setDeployMethod" crap="2" count="12"/>
        <line num="46" type="stmt" count="12"/>
        <line num="48" type="stmt" count="12"/>
        <line num="49" type="stmt" count="1"/>
        <line num="50" type="stmt" count="1"/>
        <line num="51" type="stmt" count="1"/>
        <line num="54" type="stmt" count="11"/>
        <line num="55" type="stmt" count="11"/>
        <line num="57" type="method" name="getPluginSettings" crap="1" count="4"/>
        <line num="59" type="stmt" count="4"/>
        <line num="62" type="method" name="validate" crap="3" count="6"/>
        <line num="64" type="stmt" count="6"/>
        <line num="65" type="stmt" count="1"/>
        <line num="67" type="stmt" count="5"/>
        <line num="68" type="stmt" count="1"/>
        <line num="71" type="stmt" count="4"/>
        <line num="74" type="stmt" count="1"/>
        <metrics loc="73" ncloc="73" classes="1" methods="8" coveredmethods="8" conditionals="0" coveredconditionals="0" statements="20" coveredstatements="20" elements="28" coveredelements="28"/>
      </file>
      <file name="/home/vagrant/projects/Dat0r/src/Dat0r/CodeGen/Config/ConfigReader.php">
        <class name="ConfigReader" namespace="Dat0r\CodeGen\Config">
          <metrics methods="2" coveredmethods="2" conditionals="0" coveredconditionals="0" statements="17" coveredstatements="16" elements="19" coveredelements="18"/>
        </class>
        <line num="9" type="method" name="resolveRelativePath" crap="4" count="1"/>
        <line num="11" type="stmt" count="1"/>
        <line num="12" type="stmt" count="1"/>
        <line num="14" type="stmt" count="1"/>
        <line num="15" type="stmt" count="1"/>
        <line num="16" type="stmt" count="1"/>
        <line num="17" type="stmt" count="1"/>
        <line num="18" type="stmt" count="1"/>
        <line num="19" type="stmt" count="1"/>
        <line num="20" type="stmt" count="1"/>
        <line num="22" type="stmt" count="1"/>
        <line num="25" type="method" name="fixPath" crap="3.03" count="5"/>
        <line num="27" type="stmt" count="5"/>
        <line num="29" type="stmt" count="5"/>
        <line num="30" type="stmt" count="0"/>
        <line num="33" type="stmt" count="5"/>
        <line num="34" type="stmt" count="5"/>
        <line num="35" type="stmt" count="5"/>
        <line num="37" type="stmt" count="5"/>
        <line num="40" type="stmt" count="1"/>
        <metrics loc="39" ncloc="39" classes="1" methods="2" coveredmethods="1" conditionals="0" coveredconditionals="0" statements="17" coveredstatements="16" elements="19" coveredelements="17"/>
      </file>
      <file name="/home/vagrant/projects/Dat0r/src/Dat0r/CodeGen/Config/IniFileConfigReader.php">
        <class name="IniFileConfigReader" namespace="Dat0r\CodeGen\Config">
          <metrics methods="1" coveredmethods="1" conditionals="0" coveredconditionals="0" statements="51" coveredstatements="30" elements="52" coveredelements="31"/>
        </class>
        <line num="10" type="method" name="read" crap="40.62" count="7"/>
        <line num="12" type="stmt" count="7"/>
        <line num="13" type="stmt" count="1"/>
        <line num="14" type="stmt" count="1"/>
        <line num="15" type="stmt" count="1"/>
        <line num="18" type="stmt" count="6"/>
        <line num="19" type="stmt" count="6"/>
        <line num="20" type="stmt" count="6"/>
        <line num="21" type="stmt" count="1"/>
        <line num="24" type="stmt" count="5"/>
        <line num="26" type="stmt" count="5"/>
        <line num="27" type="stmt" count="5"/>
        <line num="28" type="stmt" count="5"/>
        <line num="29" type="stmt" count="0"/>
        <line num="32" type="stmt" count="5"/>
        <line num="33" type="stmt" count="1"/>
        <line num="34" type="stmt" count="1"/>
        <line num="36" type="stmt" count="1"/>
        <line num="37" type="stmt" count="5"/>
        <line num="38" type="stmt" count="4"/>
        <line num="39" type="stmt" count="4"/>
        <line num="41" type="stmt" count="5"/>
        <line num="42" type="stmt" count="1"/>
        <line num="43" type="stmt" count="1"/>
        <line num="45" type="stmt" count="1"/>
        <line num="46" type="stmt" count="5"/>
        <line num="47" type="stmt" count="4"/>
        <line num="48" type="stmt" count="4"/>
        <line num="50" type="stmt" count="5"/>
        <line num="51" type="stmt" count="5"/>
        <line num="52" type="stmt" count="0"/>
        <line num="53" type="stmt" count="0"/>
        <line num="54" type="stmt" count="0"/>
        <line num="55" type="stmt" count="0"/>
        <line num="56" type="stmt" count="0"/>
        <line num="59" type="stmt" count="0"/>
        <line num="60" type="stmt" count="0"/>
        <line num="61" type="stmt" count="0"/>
        <line num="62" type="stmt" count="0"/>
        <line num="63" type="stmt" count="0"/>
        <line num="64" type="stmt" count="0"/>
        <line num="65" type="stmt" count="0"/>
        <line num="66" type="stmt" count="0"/>
        <line num="67" type="stmt" count="0"/>
        <line num="68" type="stmt" count="0"/>
        <line num="69" type="stmt" count="0"/>
        <line num="70" type="stmt" count="0"/>
        <line num="72" type="stmt" count="0"/>
        <line num="73" type="stmt" count="0"/>
        <line num="74" type="stmt" count="0"/>
        <line num="75" type="stmt" count="5"/>
        <line num="77" type="stmt" count="5"/>
        <line num="80" type="stmt" count="1"/>
        <metrics loc="79" ncloc="79" classes="1" methods="1" coveredmethods="0" conditionals="0" coveredconditionals="0" statements="51" coveredstatements="30" elements="52" coveredelements="30"/>
      </file>
    </package>
    <file name="/home/vagrant/projects/Dat0r/src/Dat0r/CodeGen/Config/IConfig.php">
      <line num="21" type="stmt" count="1"/>
      <metrics loc="20" ncloc="20" classes="0" methods="0" coveredmethods="0" conditionals="0" coveredconditionals="0" statements="0" coveredstatements="0" elements="0" coveredelements="0"/>
    </file>
    <file name="/home/vagrant/projects/Dat0r/src/Dat0r/CodeGen/Config/IConfigReader.php">
      <line num="9" type="stmt" count="1"/>
      <metrics loc="8" ncloc="8" classes="0" methods="0" coveredmethods="0" conditionals="0" coveredconditionals="0" statements="0" coveredstatements="0" elements="0" coveredelements="0"/>
    </file>
    <package name="Dat0r\CodeGen\Console">
      <file name="/home/vagrant/projects/Dat0r/src/Dat0r/CodeGen/Console/GenerateCodeCommand.php">
        <class name="GenerateCodeCommand" namespace="Dat0r\CodeGen\Console">
          <metrics methods="9" coveredmethods="7" conditionals="0" coveredconditionals="0" statements="78" coveredstatements="62" elements="87" coveredelements="69"/>
        </class>
        <line num="0" type="stmt" count="2"/>
        <line num="26" type="method" name="setService" crap="1" count="4"/>
        <line num="28" type="stmt" count="4"/>
        <line num="29" type="stmt" count="4"/>
        <line num="31" type="method" name="configure" crap="1" count="4"/>
        <line num="33" type="stmt" count="4"/>
        <line num="35" type="stmt" count="4"/>
        <line num="37" type="stmt" count="4"/>
        <line num="38" type="stmt" count="4"/>
        <line num="39" type="stmt" count="4"/>
        <line num="40" type="stmt" count="4"/>
        <line num="42" type="stmt" count="4"/>
        <line num="43" type="stmt" count="4"/>
        <line num="44" type="stmt" count="4"/>
        <line num="45" type="stmt" count="4"/>
        <line num="47" type="stmt" count="4"/>
        <line num="48" type="stmt" count="4"/>
        <line num="49" type="stmt" count="4"/>
        <line num="50" type="stmt" count="4"/>
        <line num="52" type="stmt" count="4"/>
        <line num="53" type="stmt" count="4"/>
        <line num="54" type="stmt" count="4"/>
        <line num="55" type="stmt" count="4"/>
        <line num="57" type="stmt" count="4"/>
        <line num="58" type="stmt" count="4"/>
        <line num="60" type="method" name="execute" crap="3" count="4"/>
        <line num="62" type="stmt" count="4"/>
        <line num="64" type="stmt" count="3"/>
        <line num="65" type="stmt" count="3"/>
        <line num="66" type="stmt" count="3"/>
        <line num="67" type="stmt" count="3"/>
        <line num="69" type="stmt" count="3"/>
        <line num="70" type="stmt" count="3"/>
        <line num="72" type="stmt" count="3"/>
        <line num="73" type="stmt" count="3"/>
        <line num="74" type="stmt" count="3"/>
        <line num="75" type="stmt" count="3"/>
        <line num="77" type="stmt" count="3"/>
        <line num="78" type="stmt" count="3"/>
        <line num="79" type="stmt" count="1"/>
        <line num="80" type="stmt" count="1"/>
        <line num="81" type="stmt" count="3"/>
        <line num="83" type="method" name="validateInput" crap="3" count="4"/>
        <line num="85" type="stmt" count="4"/>
        <line num="86" type="stmt" count="4"/>
        <line num="88" type="stmt" count="4"/>
        <line num="90" type="stmt" count="4"/>
        <line num="91" type="stmt" count="4"/>
        <line num="92" type="stmt" count="4"/>
        <line num="94" type="stmt" count="4"/>
        <line num="95" type="stmt" count="4"/>
        <line num="96" type="stmt" count="1"/>
        <line num="97" type="stmt" count="1"/>
        <line num="98" type="stmt" count="1"/>
        <line num="100" type="stmt" count="3"/>
        <line num="101" type="stmt" count="3"/>
        <line num="103" type="method" name="getModuleSchemaPath" crap="2.26" count="3"/>
        <line num="105" type="stmt" count="3"/>
        <line num="107" type="stmt" count="3"/>
        <line num="108" type="stmt" count="0"/>
        <line num="109" type="stmt" count="0"/>
        <line num="111" type="stmt" count="3"/>
        <line num="114" type="method" name="fetchService" crap="3.46" count="3"/>
        <line num="116" type="stmt" count="3"/>
        <line num="117" type="stmt" count="0"/>
        <line num="119" type="stmt" count="0"/>
        <line num="121" type="stmt" count="0"/>
        <line num="122" type="stmt" count="0"/>
        <line num="123" type="stmt" count="0"/>
        <line num="125" type="stmt" count="3"/>
        <line num="128" type="method" name="createConfig" crap="2.06" count="3"/>
        <line num="130" type="stmt" count="3"/>
        <line num="132" type="stmt" count="3"/>
        <line num="133" type="stmt" count="0"/>
        <line num="134" type="stmt" count="0"/>
        <line num="136" type="stmt" count="3"/>
        <line num="137" type="stmt" count="3"/>
        <line num="139" type="stmt" count="3"/>
        <line num="141" type="stmt" count="3"/>
        <line num="144" type="method" name="getLookupDir" crap="6" count="0"/>
        <line num="146" type="stmt" count="0"/>
        <line num="148" type="stmt" count="0"/>
        <line num="149" type="stmt" count="0"/>
        <line num="150" type="stmt" count="0"/>
        <line num="152" type="stmt" count="0"/>
        <line num="155" type="method" name="displayUsage" crap="2" count="0"/>
        <line num="157" type="stmt" count="0"/>
        <line num="158" type="stmt" count="0"/>
        <line num="160" type="stmt" count="1"/>
        <metrics loc="159" ncloc="159" classes="1" methods="9" coveredmethods="4" conditionals="0" coveredconditionals="0" statements="78" coveredstatements="62" elements="87" coveredelements="66"/>
      </file>
    </package>
    <package name="Dat0r\CodeGen\Parser">
      <file name="/home/vagrant/projects/Dat0r/src/Dat0r/CodeGen/Parser/AggregateDefinitionXpathParser.php">
        <class name="AggregateDefinitionXpathParser" namespace="Dat0r\CodeGen\Parser">
          <metrics methods="1" coveredmethods="1" conditionals="0" coveredconditionals="0" statements="10" coveredstatements="10" elements="11" coveredelements="11"/>
        </class>
        <line num="10" type="method" name="parseXpath" crap="2" count="4"/>
        <line num="12" type="stmt" count="4"/>
        <line num="14" type="stmt" count="4"/>
        <line num="16" type="stmt" count="4"/>
        <line num="17" type="stmt" count="4"/>
        <line num="18" type="stmt" count="4"/>
        <line num="19" type="stmt" count="4"/>
        <line num="20" type="stmt" count="4"/>
        <line num="21" type="stmt" count="4"/>
        <line num="22" type="stmt" count="4"/>
        <line num="24" type="stmt" count="4"/>
        <line num="27" type="stmt" count="1"/>
        <metrics loc="26" ncloc="26" classes="1" methods="1" coveredmethods="1" conditionals="0" coveredconditionals="0" statements="10" coveredstatements="10" elements="11" coveredelements="11"/>
      </file>
      <file name="/home/vagrant/projects/Dat0r/src/Dat0r/CodeGen/Parser/BaseXpathParser.php">
        <class name="BaseXpathParser" namespace="Dat0r\CodeGen\Parser">
          <metrics methods="4" coveredmethods="4" conditionals="0" coveredconditionals="0" statements="24" coveredstatements="21" elements="28" coveredelements="25"/>
        </class>
        <line num="0" type="stmt" count="1"/>
        <line num="12" type="method" name="parseDescription" crap="1" count="4"/>
        <line num="14" type="stmt" count="4"/>
        <line num="15" type="method" name="anonymous function" crap="1" count="4"/>
        <line num="16" type="stmt" count="4"/>
        <line num="17" type="stmt" count="4"/>
        <line num="18" type="stmt" count="4"/>
        <line num="19" type="stmt" count="4"/>
        <line num="22" type="method" name="parseOptions" crap="1" count="4"/>
        <line num="24" type="stmt" count="4"/>
        <line num="26" type="stmt" count="4"/>
        <line num="29" type="method" name="literalize" crap="11.23" count="5"/>
        <line num="31" type="stmt" count="5"/>
        <line num="32" type="stmt" count="5"/>
        <line num="35" type="stmt" count="5"/>
        <line num="36" type="stmt" count="5"/>
        <line num="37" type="stmt" count="0"/>
        <line num="40" type="stmt" count="5"/>
        <line num="41" type="stmt" count="5"/>
        <line num="42" type="stmt" count="4"/>
        <line num="43" type="stmt" count="5"/>
        <line num="44" type="stmt" count="0"/>
        <line num="47" type="stmt" count="5"/>
        <line num="48" type="stmt" count="0"/>
        <line num="51" type="stmt" count="5"/>
        <line num="54" type="stmt" count="1"/>
        <metrics loc="53" ncloc="53" classes="1" methods="4" coveredmethods="3" conditionals="0" coveredconditionals="0" statements="21" coveredstatements="18" elements="25" coveredelements="21"/>
      </file>
      <file name="/home/vagrant/projects/Dat0r/src/Dat0r/CodeGen/Parser/FieldDefinitionXpathParser.php">
        <class name="FieldDefinitionXpathParser" namespace="Dat0r\CodeGen\Parser">
          <metrics methods="3" coveredmethods="3" conditionals="0" coveredconditionals="0" statements="36" coveredstatements="32" elements="39" coveredelements="35"/>
        </class>
        <line num="0" type="stmt" count="1"/>
        <line num="15" type="method" name="parseXpath" crap="2" count="4"/>
        <line num="17" type="stmt" count="4"/>
        <line num="19" type="stmt" count="4"/>
        <line num="20" type="stmt" count="4"/>
        <line num="21" type="stmt" count="4"/>
        <line num="23" type="stmt" count="4"/>
        <line num="26" type="method" name="parseField" crap="3" count="4"/>
        <line num="28" type="stmt" count="4"/>
        <line num="29" type="stmt" count="4"/>
        <line num="30" type="stmt" count="4"/>
        <line num="32" type="stmt" count="4"/>
        <line num="33" type="stmt" count="4"/>
        <line num="34" type="stmt" count="4"/>
        <line num="35" type="stmt" count="4"/>
        <line num="36" type="stmt" count="4"/>
        <line num="37" type="stmt" count="4"/>
        <line num="39" type="stmt" count="4"/>
        <line num="41" type="stmt" count="4"/>
        <line num="42" type="stmt" count="4"/>
        <line num="43" type="stmt" count="4"/>
        <line num="44" type="stmt" count="4"/>
        <line num="45" type="stmt" count="4"/>
        <line num="46" type="stmt" count="4"/>
        <line num="47" type="stmt" count="4"/>
        <line num="50" type="method" name="resolveImplementor" crap="3.21" count="4"/>
        <line num="52" type="stmt" count="4"/>
        <line num="53" type="stmt" count="0"/>
        <line num="56" type="stmt" count="4"/>
        <line num="57" type="stmt" count="4"/>
        <line num="58" type="stmt" count="4"/>
        <line num="59" type="stmt" count="4"/>
        <line num="60" type="stmt" count="4"/>
        <line num="62" type="stmt" count="4"/>
        <line num="63" type="stmt" count="4"/>
        <line num="65" type="stmt" count="4"/>
        <line num="66" type="stmt" count="0"/>
        <line num="67" type="stmt" count="0"/>
        <line num="68" type="stmt" count="0"/>
        <line num="71" type="stmt" count="4"/>
        <line num="74" type="stmt" count="1"/>
        <metrics loc="73" ncloc="73" classes="1" methods="3" coveredmethods="2" conditionals="0" coveredconditionals="0" statements="36" coveredstatements="32" elements="39" coveredelements="34"/>
      </file>
      <file name="/home/vagrant/projects/Dat0r/src/Dat0r/CodeGen/Parser/ModuleDefinitionXpathParser.php">
        <class name="ModuleDefinitionXpathParser" namespace="Dat0r\CodeGen\Parser">
          <metrics methods="3" coveredmethods="3" conditionals="0" coveredconditionals="0" statements="31" coveredstatements="29" elements="34" coveredelements="32"/>
        </class>
        <line num="0" type="stmt" count="1"/>
        <line num="12" type="method" name="parseXpath" crap="2.09" count="4"/>
        <line num="14" type="stmt" count="4"/>
        <line num="16" type="stmt" count="4"/>
        <line num="17" type="stmt" count="0"/>
        <line num="19" type="stmt" count="0"/>
        <line num="22" type="stmt" count="4"/>
        <line num="23" type="stmt" count="4"/>
        <line num="24" type="stmt" count="4"/>
        <line num="27" type="method" name="parseModuleDefinition" crap="3" count="4"/>
        <line num="29" type="stmt" count="4"/>
        <line num="30" type="stmt" count="4"/>
        <line num="31" type="stmt" count="4"/>
        <line num="32" type="stmt" count="1"/>
        <line num="33" type="stmt" count="1"/>
        <line num="35" type="stmt" count="4"/>
        <line num="36" type="stmt" count="4"/>
        <line num="37" type="stmt" count="4"/>
        <line num="38" type="stmt" count="1"/>
        <line num="39" type="stmt" count="1"/>
        <line num="41" type="stmt" count="4"/>
        <line num="42" type="stmt" count="4"/>
        <line num="43" type="stmt" count="4"/>
        <line num="44" type="stmt" count="4"/>
        <line num="47" type="stmt" count="4"/>
        <line num="48" type="stmt" count="4"/>
        <line num="49" type="stmt" count="4"/>
        <line num="50" type="stmt" count="4"/>
        <line num="51" type="stmt" count="4"/>
        <line num="52" type="stmt" count="4"/>
        <line num="53" type="stmt" count="4"/>
        <line num="56" type="method" name="parseFields" crap="1" count="4"/>
        <line num="58" type="stmt" count="4"/>
        <line num="59" type="stmt" count="4"/>
        <line num="61" type="stmt" count="4"/>
        <line num="64" type="stmt" count="1"/>
        <metrics loc="63" ncloc="63" classes="1" methods="3" coveredmethods="2" conditionals="0" coveredconditionals="0" statements="31" coveredstatements="29" elements="34" coveredelements="31"/>
      </file>
      <file name="/home/vagrant/projects/Dat0r/src/Dat0r/CodeGen/Parser/ModuleSchemaXmlParser.php">
        <class name="ModuleSchemaXmlParser" namespace="Dat0r\CodeGen\Parser">
          <metrics methods="3" coveredmethods="3" conditionals="0" coveredconditionals="0" statements="34" coveredstatements="27" elements="37" coveredelements="30"/>
        </class>
        <line num="0" type="stmt" count="1"/>
        <line num="16" type="method" name="__construct" crap="1" count="4"/>
        <line num="18" type="stmt" count="4"/>
        <line num="19" type="stmt" count="4"/>
        <line num="20" type="stmt" count="4"/>
        <line num="21" type="stmt" count="4"/>
        <line num="23" type="method" name="parseSchema" crap="1" count="4"/>
        <line num="25" type="stmt" count="4"/>
        <line num="26" type="stmt" count="4"/>
        <line num="27" type="stmt" count="4"/>
        <line num="29" type="stmt" count="4"/>
        <line num="30" type="stmt" count="4"/>
        <line num="32" type="stmt" count="4"/>
        <line num="34" type="stmt" count="4"/>
        <line num="35" type="stmt" count="4"/>
        <line num="36" type="stmt" count="4"/>
        <line num="37" type="stmt" count="4"/>
        <line num="38" type="stmt" count="4"/>
        <line num="39" type="stmt" count="4"/>
        <line num="40" type="stmt" count="4"/>
        <line num="41" type="stmt" count="4"/>
        <line num="42" type="stmt" count="4"/>
        <line num="43" type="stmt" count="4"/>
        <line num="44" type="stmt" count="4"/>
        <line num="45" type="stmt" count="4"/>
        <line num="48" type="method" name="createDomDocument" crap="7.18" count="4"/>
        <line num="50" type="stmt" count="4"/>
        <line num="51" type="stmt" count="0"/>
        <line num="52" type="stmt" count="0"/>
        <line num="53" type="stmt" count="0"/>
        <line num="56" type="stmt" count="4"/>
        <line num="58" type="stmt" count="4"/>
        <line num="59" type="stmt" count="0"/>
        <line num="61" type="stmt" count="0"/>
        <line num="64" type="stmt" count="4"/>
        <line num="65" type="stmt" count="0"/>
        <line num="67" type="stmt" count="0"/>
        <line num="70" type="stmt" count="4"/>
        <line num="73" type="stmt" count="1"/>
        <metrics loc="72" ncloc="70" classes="1" methods="3" coveredmethods="2" conditionals="0" coveredconditionals="0" statements="34" coveredstatements="27" elements="37" coveredelements="29"/>
      </file>
      <file name="/home/vagrant/projects/Dat0r/src/Dat0r/CodeGen/Parser/OptionDefinitionXpathParser.php">
        <class name="OptionDefinitionXpathParser" namespace="Dat0r\CodeGen\Parser">
          <metrics methods="2" coveredmethods="2" conditionals="0" coveredconditionals="0" statements="35" coveredstatements="33" elements="37" coveredelements="35"/>
        </class>
        <line num="0" type="stmt" count="1"/>
        <line num="13" type="method" name="parseXpath" crap="3.03" count="5"/>
        <line num="15" type="stmt" count="5"/>
        <line num="16" type="stmt" count="5"/>
        <line num="18" type="stmt" count="5"/>
        <line num="19" type="stmt" count="5"/>
        <line num="20" type="stmt" count="0"/>
        <line num="21" type="stmt" count="0"/>
        <line num="22" type="stmt" count="5"/>
        <line num="25" type="stmt" count="5"/>
        <line num="26" type="stmt" count="5"/>
        <line num="27" type="stmt" count="5"/>
        <line num="28" type="stmt" count="5"/>
        <line num="29" type="stmt" count="5"/>
        <line num="31" type="stmt" count="5"/>
        <line num="34" type="method" name="parseOption" crap="4" count="5"/>
        <line num="36" type="stmt" count="5"/>
        <line num="37" type="stmt" count="5"/>
        <line num="38" type="stmt" count="5"/>
        <line num="40" type="stmt" count="5"/>
        <line num="41" type="stmt" count="5"/>
        <line num="42" type="stmt" count="5"/>
        <line num="44" type="stmt" count="5"/>
        <line num="45" type="stmt" count="5"/>
        <line num="46" type="stmt" count="5"/>
        <line num="47" type="stmt" count="5"/>
        <line num="48" type="stmt" count="5"/>
        <line num="49" type="stmt" count="5"/>
        <line num="50" type="stmt" count="5"/>
        <line num="51" type="stmt" count="5"/>
        <line num="52" type="stmt" count="5"/>
        <line num="53" type="stmt" count="5"/>
        <line num="56" type="stmt" count="5"/>
        <line num="58" type="stmt" count="5"/>
        <line num="59" type="stmt" count="5"/>
        <line num="60" type="stmt" count="5"/>
        <line num="61" type="stmt" count="5"/>
        <line num="62" type="stmt" count="5"/>
        <line num="65" type="stmt" count="1"/>
        <metrics loc="64" ncloc="64" classes="1" methods="2" coveredmethods="1" conditionals="0" coveredconditionals="0" statements="35" coveredstatements="33" elements="37" coveredelements="34"/>
      </file>
    </package>
    <file name="/home/vagrant/projects/Dat0r/src/Dat0r/CodeGen/Parser/IModuleSchemaParser.php">
      <line num="9" type="stmt" count="1"/>
      <metrics loc="8" ncloc="8" classes="0" methods="0" coveredmethods="0" conditionals="0" coveredconditionals="0" statements="0" coveredstatements="0" elements="0" coveredelements="0"/>
    </file>
    <file name="/home/vagrant/projects/Dat0r/src/Dat0r/CodeGen/Parser/IXpathParser.php">
      <line num="11" type="stmt" count="1"/>
      <metrics loc="10" ncloc="10" classes="0" methods="0" coveredmethods="0" conditionals="0" coveredconditionals="0" statements="0" coveredstatements="0" elements="0" coveredelements="0"/>
    </file>
    <package name="Dat0r\CodeGen\Schema">
      <file name="/home/vagrant/projects/Dat0r/src/Dat0r/CodeGen/Schema/AggregateDefinition.php">
        <class name="AggregateDefinition" namespace="Dat0r\CodeGen\Schema">
          <metrics methods="0" coveredmethods="0" conditionals="0" coveredconditionals="0" statements="0" coveredstatements="0" elements="0" coveredelements="0"/>
        </class>
        <line num="8" type="stmt" count="1"/>
        <metrics loc="7" ncloc="7" classes="1" methods="0" coveredmethods="0" conditionals="0" coveredconditionals="0" statements="0" coveredstatements="0" elements="0" coveredelements="0"/>
      </file>
      <file name="/home/vagrant/projects/Dat0r/src/Dat0r/CodeGen/Schema/FieldDefinition.php">
        <class name="FieldDefinition" namespace="Dat0r\CodeGen\Schema">
          <metrics methods="5" coveredmethods="4" conditionals="0" coveredconditionals="0" statements="5" coveredstatements="4" elements="10" coveredelements="8"/>
        </class>
        <line num="19" type="method" name="getName" crap="1" count="3"/>
        <line num="21" type="stmt" count="3"/>
        <line num="24" type="method" name="getImplementor" crap="1" count="3"/>
        <line num="26" type="stmt" count="3"/>
        <line num="29" type="method" name="getShortName" crap="1" count="3"/>
        <line num="31" type="stmt" count="3"/>
        <line num="34" type="method" name="getDescription" crap="2" count="0"/>
        <line num="36" type="stmt" count="0"/>
        <line num="39" type="method" name="getOptions" crap="1" count="3"/>
        <line num="41" type="stmt" count="3"/>
        <line num="44" type="stmt" count="1"/>
        <metrics loc="43" ncloc="43" classes="1" methods="5" coveredmethods="4" conditionals="0" coveredconditionals="0" statements="5" coveredstatements="4" elements="10" coveredelements="8"/>
      </file>
      <file name="/home/vagrant/projects/Dat0r/src/Dat0r/CodeGen/Schema/FieldDefinitionList.php">
        <class name="FieldDefinitionList" namespace="Dat0r\CodeGen\Schema">
          <metrics methods="3" coveredmethods="3" conditionals="0" coveredconditionals="0" statements="5" coveredstatements="5" elements="8" coveredelements="8"/>
        </class>
        <line num="10" type="method" name="filterByType" crap="1" count="3"/>
        <line num="12" type="stmt" count="3"/>
        <line num="14" type="stmt" count="3"/>
        <line num="16" type="stmt" count="3"/>
        <line num="19" type="method" name="getItemImplementor" crap="1" count="4"/>
        <line num="21" type="stmt" count="4"/>
        <line num="24" type="stmt" count="1"/>
        <metrics loc="23" ncloc="23" classes="1" methods="3" coveredmethods="3" conditionals="0" coveredconditionals="0" statements="4" coveredstatements="4" elements="7" coveredelements="7"/>
      </file>
      <file name="/home/vagrant/projects/Dat0r/src/Dat0r/CodeGen/Schema/ModuleDefinition.php">
        <class name="ModuleDefinition" namespace="Dat0r\CodeGen\Schema">
          <metrics methods="7" coveredmethods="7" conditionals="0" coveredconditionals="0" statements="9" coveredstatements="9" elements="16" coveredelements="16"/>
        </class>
        <line num="21" type="method" name="__construct" crap="1" count="4"/>
        <line num="23" type="stmt" count="4"/>
        <line num="24" type="stmt" count="4"/>
        <line num="25" type="stmt" count="4"/>
        <line num="27" type="method" name="getName" crap="1" count="4"/>
        <line num="29" type="stmt" count="4"/>
        <line num="32" type="method" name="getImplementor" crap="1" count="3"/>
        <line num="34" type="stmt" count="3"/>
        <line num="37" type="method" name="getDocumentImplementor" crap="1" count="3"/>
        <line num="39" type="stmt" count="3"/>
        <line num="42" type="method" name="getDescription" crap="1" count="3"/>
        <line num="44" type="stmt" count="3"/>
        <line num="47" type="method" name="getOptions" crap="1" count="3"/>
        <line num="49" type="stmt" count="3"/>
        <line num="52" type="method" name="getFields" crap="1" count="3"/>
        <line num="54" type="stmt" count="3"/>
        <line num="57" type="stmt" count="1"/>
        <metrics loc="56" ncloc="56" classes="1" methods="7" coveredmethods="7" conditionals="0" coveredconditionals="0" statements="9" coveredstatements="9" elements="16" coveredelements="16"/>
      </file>
      <file name="/home/vagrant/projects/Dat0r/src/Dat0r/CodeGen/Schema/ModuleDefinitionList.php">
        <class name="ModuleDefinitionList" namespace="Dat0r\CodeGen\Schema">
          <metrics methods="1" coveredmethods="1" conditionals="0" coveredconditionals="0" statements="1" coveredstatements="1" elements="2" coveredelements="2"/>
        </class>
        <line num="10" type="method" name="getItemImplementor" crap="1" count="4"/>
        <line num="12" type="stmt" count="4"/>
        <line num="15" type="stmt" count="1"/>
        <metrics loc="14" ncloc="14" classes="1" methods="1" coveredmethods="1" conditionals="0" coveredconditionals="0" statements="1" coveredstatements="1" elements="2" coveredelements="2"/>
      </file>
      <file name="/home/vagrant/projects/Dat0r/src/Dat0r/CodeGen/Schema/ModuleSchema.php">
        <class name="ModuleSchema" namespace="Dat0r\CodeGen\Schema">
          <metrics methods="7" coveredmethods="7" conditionals="0" coveredconditionals="0" statements="34" coveredstatements="32" elements="41" coveredelements="39"/>
        </class>
        <line num="17" type="method" name="getNamespace" crap="1" count="3"/>
        <line num="18" type="stmt" count="3"/>
        <line num="19" type="stmt" count="3"/>
        <line num="22" type="method" name="getModuleDefinition" crap="1" count="3"/>
        <line num="24" type="stmt" count="3"/>
        <line num="27" type="method" name="setModuleDefinition" crap="2" count="4"/>
        <line num="29" type="stmt" count="4"/>
        <line num="31" type="stmt" count="4"/>
        <line num="32" type="stmt" count="4"/>
        <line num="33" type="stmt" count="4"/>
        <line num="34" type="stmt" count="4"/>
        <line num="36" type="method" name="getAggregateDefinitions" crap="4.02" count="3"/>
        <line num="38" type="stmt" count="3"/>
        <line num="40" type="stmt" count="3"/>
        <line num="41" type="stmt" count="0"/>
        <line num="44" type="stmt" count="3"/>
        <line num="45" type="stmt" count="3"/>
        <line num="46" type="stmt" count="3"/>
        <line num="47" type="stmt" count="3"/>
        <line num="48" type="stmt" count="3"/>
        <line num="50" type="stmt" count="3"/>
        <line num="53" type="method" name="getUsedAggregateDefinitions" crap="4.01" count="3"/>
        <line num="55" type="stmt" count="3"/>
        <line num="56" type="stmt" count="3"/>
        <line num="58" type="stmt" count="3"/>
        <line num="59" type="stmt" count="3"/>
        <line num="60" type="stmt" count="3"/>
        <line num="61" type="stmt" count="3"/>
        <line num="62" type="stmt" count="3"/>
        <line num="63" type="stmt" count="3"/>
        <line num="64" type="stmt" count="0"/>
        <line num="65" type="stmt" count="3"/>
        <line num="66" type="stmt" count="3"/>
        <line num="67" type="stmt" count="3"/>
        <line num="69" type="stmt" count="3"/>
        <line num="72" type="method" name="getPackage" crap="1" count="3"/>
        <line num="74" type="stmt" count="3"/>
        <line num="77" type="method" name="__construct" crap="1" count="4"/>
        <line num="79" type="stmt" count="4"/>
        <line num="80" type="stmt" count="4"/>
        <line num="81" type="stmt" count="4"/>
        <line num="83" type="stmt" count="1"/>
        <metrics loc="82" ncloc="82" classes="1" methods="7" coveredmethods="5" conditionals="0" coveredconditionals="0" statements="34" coveredstatements="32" elements="41" coveredelements="37"/>
      </file>
      <file name="/home/vagrant/projects/Dat0r/src/Dat0r/CodeGen/Schema/OptionDefinition.php">
        <class name="OptionDefinition" namespace="Dat0r\CodeGen\Schema">
          <metrics methods="4" coveredmethods="3" conditionals="0" coveredconditionals="0" statements="5" coveredstatements="4" elements="9" coveredelements="7"/>
        </class>
        <line num="15" type="method" name="getName" crap="1" count="4"/>
        <line num="17" type="stmt" count="4"/>
        <line num="20" type="method" name="getValue" crap="1" count="5"/>
        <line num="22" type="stmt" count="5"/>
        <line num="25" type="method" name="setValue" crap="1" count="6"/>
        <line num="27" type="stmt" count="6"/>
        <line num="28" type="stmt" count="6"/>
        <line num="30" type="method" name="getDefault" crap="2" count="0"/>
        <line num="32" type="stmt" count="0"/>
        <line num="35" type="stmt" count="1"/>
        <metrics loc="34" ncloc="34" classes="1" methods="4" coveredmethods="3" conditionals="0" coveredconditionals="0" statements="5" coveredstatements="4" elements="9" coveredelements="7"/>
      </file>
      <file name="/home/vagrant/projects/Dat0r/src/Dat0r/CodeGen/Schema/OptionDefinitionList.php">
        <class name="OptionDefinitionList" namespace="Dat0r\CodeGen\Schema">
          <metrics methods="4" coveredmethods="4" conditionals="0" coveredconditionals="0" statements="21" coveredstatements="21" elements="25" coveredelements="25"/>
        </class>
        <line num="10" type="method" name="filterByName" crap="2" count="3"/>
        <line num="12" type="stmt" count="3"/>
        <line num="14" type="stmt" count="3"/>
        <line num="16" type="stmt" count="3"/>
        <line num="18" type="stmt" count="3"/>
        <line num="21" type="method" name="toArray" crap="5" count="4"/>
        <line num="23" type="stmt" count="4"/>
        <line num="25" type="stmt" count="4"/>
        <line num="26" type="stmt" count="4"/>
        <line num="27" type="stmt" count="4"/>
        <line num="28" type="stmt" count="4"/>
        <line num="30" type="stmt" count="4"/>
        <line num="31" type="stmt" count="1"/>
        <line num="32" type="stmt" count="1"/>
        <line num="34" type="stmt" count="4"/>
        <line num="36" type="stmt" count="4"/>
        <line num="37" type="stmt" count="1"/>
        <line num="38" type="stmt" count="1"/>
        <line num="39" type="stmt" count="4"/>
        <line num="41" type="stmt" count="4"/>
        <line num="43" type="stmt" count="4"/>
        <line num="46" type="method" name="getItemImplementor" crap="1" count="6"/>
        <line num="48" type="stmt" count="6"/>
        <line num="51" type="stmt" count="1"/>
        <metrics loc="50" ncloc="50" classes="1" methods="4" coveredmethods="4" conditionals="0" coveredconditionals="0" statements="20" coveredstatements="20" elements="24" coveredelements="24"/>
      </file>
    </package>
    <package name="Dat0r\CodeGen">
      <file name="/home/vagrant/projects/Dat0r/src/Dat0r/CodeGen/Service.php">
        <class name="Service" namespace="Dat0r\CodeGen">
          <metrics methods="10" coveredmethods="10" conditionals="0" coveredconditionals="0" statements="113" coveredstatements="79" elements="123" coveredelements="89"/>
        </class>
        <line num="0" type="stmt" count="1"/>
        <line num="33" type="method" name="__construct" crap="1" count="7"/>
        <line num="35" type="stmt" count="7"/>
        <line num="36" type="stmt" count="7"/>
        <line num="38" type="method" name="setConfig" crap="1" count="6"/>
        <line num="40" type="stmt" count="6"/>
        <line num="41" type="stmt" count="6"/>
        <line num="43" type="method" name="getConfig" crap="1" count="1"/>
        <line num="45" type="stmt" count="1"/>
        <line num="48" type="method" name="buildSchema" crap="1" count="3"/>
        <line num="50" type="stmt" count="3"/>
        <line num="51" type="stmt" count="3"/>
        <line num="53" type="stmt" count="3"/>
        <line num="54" type="stmt" count="3"/>
        <line num="55" type="stmt" count="3"/>
        <line num="57" type="stmt" count="3"/>
        <line num="58" type="stmt" count="3"/>
        <line num="59" type="stmt" count="3"/>
        <line num="61" type="stmt" count="3"/>
        <line num="62" type="stmt" count="3"/>
        <line num="63" type="stmt" count="3"/>
        <line num="65" type="method" name="deployBuild" crap="6.97" count="2"/>
        <line num="67" type="stmt" count="2"/>
        <line num="68" type="stmt" count="2"/>
        <line num="69" type="stmt" count="0"/>
        <line num="70" type="stmt" count="0"/>
        <line num="71" type="stmt" count="0"/>
        <line num="72" type="stmt" count="0"/>
        <line num="73" type="stmt" count="0"/>
        <line num="74" type="stmt" count="0"/>
        <line num="77" type="stmt" count="2"/>
        <line num="78" type="stmt" count="2"/>
        <line num="79" type="stmt" count="2"/>
        <line num="80" type="stmt" count="2"/>
        <line num="81" type="stmt" count="2"/>
        <line num="83" type="stmt" count="2"/>
        <line num="84" type="stmt" count="0"/>
        <line num="85" type="stmt" count="0"/>
        <line num="86" type="stmt" count="0"/>
        <line num="87" type="stmt" count="0"/>
        <line num="88" type="stmt" count="0"/>
        <line num="89" type="stmt" count="0"/>
        <line num="92" type="stmt" count="2"/>
        <line num="93" type="stmt" count="2"/>
        <line num="94" type="stmt" count="1"/>
        <line num="95" type="stmt" count="1"/>
        <line num="96" type="stmt" count="1"/>
        <line num="97" type="stmt" count="1"/>
        <line num="98" type="stmt" count="1"/>
        <line num="100" type="stmt" count="2"/>
        <line num="102" type="method" name="createClassBuilders" crap="2" count="3"/>
        <line num="106" type="stmt" count="3"/>
        <line num="107" type="stmt" count="3"/>
        <line num="108" type="stmt" count="3"/>
        <line num="109" type="stmt" count="3"/>
        <line num="110" type="stmt" count="3"/>
        <line num="111" type="stmt" count="3"/>
        <line num="112" type="stmt" count="3"/>
        <line num="113" type="stmt" count="3"/>
        <line num="114" type="stmt" count="3"/>
        <line num="115" type="stmt" count="3"/>
        <line num="116" type="stmt" count="3"/>
        <line num="117" type="stmt" count="3"/>
        <line num="118" type="stmt" count="3"/>
        <line num="119" type="stmt" count="3"/>
        <line num="121" type="stmt" count="3"/>
        <line num="122" type="stmt" count="3"/>
        <line num="124" type="stmt" count="3"/>
        <line num="125" type="stmt" count="3"/>
        <line num="126" type="stmt" count="3"/>
        <line num="128" type="stmt" count="3"/>
        <line num="131" type="method" name="writeCache" crap="12.41" count="3"/>
        <line num="133" type="stmt" count="3"/>
        <line num="134" type="stmt" count="3"/>
        <line num="135" type="stmt" count="3"/>
        <line num="136" type="stmt" count="3"/>
        <line num="138" type="stmt" count="3"/>
        <line num="139" type="stmt" count="0"/>
        <line num="140" type="stmt" count="0"/>
        <line num="141" type="stmt" count="0"/>
        <line num="142" type="stmt" count="0"/>
        <line num="143" type="stmt" count="0"/>
        <line num="144" type="stmt" count="0"/>
        <line num="147" type="stmt" count="3"/>
        <line num="148" type="stmt" count="0"/>
        <line num="149" type="stmt" count="0"/>
        <line num="151" type="stmt" count="0"/>
        <line num="152" type="stmt" count="0"/>
        <line num="153" type="stmt" count="0"/>
        <line num="155" type="stmt" count="0"/>
        <line num="157" type="stmt" count="0"/>
        <line num="158" type="stmt" count="0"/>
        <line num="159" type="stmt" count="0"/>
        <line num="161" type="stmt" count="0"/>
        <line num="162" type="stmt" count="3"/>
        <line num="163" type="stmt" count="3"/>
        <line num="165" type="method" name="executePlugins" crap="2.75" count="3"/>
        <line num="167" type="stmt" count="3"/>
        <line num="168" type="stmt" count="0"/>
        <line num="169" type="stmt" count="0"/>
        <line num="170" type="stmt" count="0"/>
        <line num="171" type="stmt" count="0"/>
        <line num="172" type="stmt" count="3"/>
        <line num="173" type="stmt" count="3"/>
        <line num="175" type="method" name="writeMessage" crap="2.50" count="2"/>
        <line num="177" type="stmt" count="2"/>
        <line num="178" type="stmt" count="0"/>
        <line num="179" type="stmt" count="0"/>
        <line num="180" type="stmt" count="2"/>
        <line num="182" type="stmt" count="1"/>
        <metrics loc="181" ncloc="181" classes="1" methods="9" coveredmethods="5" conditionals="0" coveredconditionals="0" statements="99" coveredstatements="65" elements="108" coveredelements="70"/>
      </file>
    </package>
    <package name="Dat0r\Common\Collection">
      <file name="/home/vagrant/projects/Dat0r/src/Dat0r/Common/Collection/ArrayList.php">
        <class name="ArrayList" namespace="Dat0r\Common\Collection">
          <metrics methods="10" coveredmethods="10" conditionals="0" coveredconditionals="0" statements="44" coveredstatements="44" elements="54" coveredelements="54"/>
        </class>
        <line num="14" type="method" name="__construct" crap="1" count="73"/>
        <line num="16" type="stmt" count="73"/>
        <line num="18" type="stmt" count="73"/>
        <line num="19" type="stmt" count="73"/>
        <line num="23" type="method" name="filter" crap="3" count="3"/>
        <line num="25" type="stmt" count="3"/>
        <line num="27" type="stmt" count="3"/>
        <line num="28" type="stmt" count="3"/>
        <line num="29" type="stmt" count="3"/>
        <line num="30" type="stmt" count="3"/>
        <line num="31" type="stmt" count="3"/>
        <line num="33" type="stmt" count="3"/>
        <line num="38" type="method" name="addItem" crap="1" count="39"/>
        <line num="40" type="stmt" count="39"/>
        <line num="41" type="stmt" count="36"/>
        <line num="43" type="method" name="addItems" crap="2" count="73"/>
        <line num="45" type="stmt" count="73"/>
        <line num="46" type="stmt" count="32"/>
        <line num="47" type="stmt" count="73"/>
        <line num="48" type="stmt" count="73"/>
        <line num="50" type="method" name="push" crap="1" count="65"/>
        <line num="52" type="stmt" count="65"/>
        <line num="53" type="stmt" count="63"/>
        <line num="55" type="method" name="pop" crap="2" count="1"/>
        <line num="57" type="stmt" count="1"/>
        <line num="59" type="stmt" count="1"/>
        <line num="60" type="stmt" count="1"/>
        <line num="61" type="stmt" count="1"/>
        <line num="62" type="stmt" count="1"/>
        <line num="63" type="stmt" count="1"/>
        <line num="65" type="stmt" count="1"/>
        <line num="68" type="method" name="shift" crap="2" count="1"/>
        <line num="70" type="stmt" count="1"/>
        <line num="72" type="stmt" count="1"/>
        <line num="73" type="stmt" count="1"/>
        <line num="74" type="stmt" count="1"/>
        <line num="75" type="stmt" count="1"/>
        <line num="76" type="stmt" count="1"/>
        <line num="78" type="stmt" count="1"/>
        <line num="81" type="method" name="unshift" crap="1" count="1"/>
        <line num="83" type="stmt" count="1"/>
        <line num="84" type="stmt" count="1"/>
        <line num="85" type="stmt" count="1"/>
        <line num="86" type="stmt" count="1"/>
        <line num="88" type="stmt" count="1"/>
        <line num="91" type="method" name="getFirst" crap="2" count="6"/>
        <line num="93" type="stmt" count="6"/>
        <line num="94" type="stmt" count="5"/>
        <line num="96" type="stmt" count="1"/>
        <line num="99" type="method" name="getLast" crap="2" count="4"/>
        <line num="101" type="stmt" count="4"/>
        <line num="102" type="stmt" count="4"/>
        <line num="103" type="stmt" count="3"/>
        <line num="105" type="stmt" count="1"/>
        <line num="108" type="stmt" count="1"/>
        <metrics loc="107" ncloc="98" classes="1" methods="10" coveredmethods="10" conditionals="0" coveredconditionals="0" statements="44" coveredstatements="44" elements="54" coveredelements="54"/>
      </file>
      <file name="/home/vagrant/projects/Dat0r/src/Dat0r/Common/Collection/Collection.php">
        <class name="Collection" namespace="Dat0r\Common\Collection">
          <metrics methods="24" coveredmethods="23" conditionals="0" coveredconditionals="0" statements="65" coveredstatements="59" elements="89" coveredelements="82"/>
        </class>
        <line num="32" type="method" name="__construct" crap="1" count="91"/>
        <line num="34" type="stmt" count="91"/>
        <line num="35" type="stmt" count="91"/>
        <line num="36" type="stmt" count="91"/>
        <line num="47" type="method" name="count" crap="1" count="77"/>
        <line num="49" type="stmt" count="77"/>
        <line num="63" type="method" name="offsetExists" crap="1" count="37"/>
        <line num="65" type="stmt" count="37"/>
        <line num="77" type="method" name="offsetGet" crap="2" count="36"/>
        <line num="79" type="stmt" count="36"/>
        <line num="80" type="stmt" count="35"/>
        <line num="82" type="stmt" count="2"/>
        <line num="93" type="method" name="offsetSet" crap="3" count="80"/>
        <line num="95" type="stmt" count="80"/>
        <line num="96" type="stmt" count="48"/>
        <line num="97" type="stmt" count="2"/>
        <line num="99" type="stmt" count="48"/>
        <line num="100" type="stmt" count="80"/>
        <line num="101" type="stmt" count="80"/>
        <line num="102" type="stmt" count="80"/>
        <line num="103" type="stmt" count="80"/>
        <line num="104" type="stmt" count="80"/>
        <line num="113" type="method" name="offsetUnset" crap="1" count="2"/>
        <line num="115" type="stmt" count="2"/>
        <line num="116" type="stmt" count="2"/>
        <line num="117" type="stmt" count="2"/>
        <line num="118" type="stmt" count="2"/>
        <line num="119" type="stmt" count="2"/>
        <line num="128" type="method" name="key" crap="1" count="48"/>
        <line num="130" type="stmt" count="48"/>
        <line num="142" type="method" name="valid" crap="1" count="48"/>
        <line num="144" type="stmt" count="48"/>
        <line num="154" type="method" name="current" crap="2" count="45"/>
        <line num="156" type="stmt" count="45"/>
        <line num="157" type="stmt" count="44"/>
        <line num="159" type="stmt" count="1"/>
        <line num="170" type="method" name="next" crap="1" count="44"/>
        <line num="172" type="stmt" count="44"/>
        <line num="182" type="method" name="rewind" crap="1" count="47"/>
        <line num="184" type="stmt" count="47"/>
        <line num="196" type="method" name="getItem" crap="1" count="29"/>
        <line num="198" type="stmt" count="29"/>
        <line num="208" type="method" name="getItems" crap="2" count="2"/>
        <line num="210" type="stmt" count="2"/>
        <line num="211" type="stmt" count="2"/>
        <line num="212" type="stmt" count="2"/>
        <line num="213" type="stmt" count="2"/>
        <line num="215" type="stmt" count="2"/>
        <line num="224" type="method" name="setItem" crap="2.06" count="3"/>
        <line num="226" type="stmt" count="3"/>
        <line num="227" type="stmt" count="0"/>
        <line num="229" type="stmt" count="3"/>
        <line num="230" type="stmt" count="3"/>
        <line num="237" type="method" name="removeItem" crap="1" count="4"/>
        <line num="239" type="stmt" count="4"/>
        <line num="240" type="stmt" count="4"/>
        <line num="247" type="method" name="removeItems" crap="2" count="2"/>
        <line num="249" type="stmt" count="2"/>
        <line num="250" type="stmt" count="2"/>
        <line num="251" type="stmt" count="2"/>
        <line num="252" type="stmt" count="2"/>
        <line num="261" type="method" name="hasKey" crap="1" count="37"/>
        <line num="263" type="stmt" count="37"/>
        <line num="277" type="method" name="getKey" crap="3.14" count="34"/>
        <line num="279" type="stmt" count="34"/>
        <line num="280" type="stmt" count="34"/>
        <line num="281" type="stmt" count="0"/>
        <line num="283" type="stmt" count="34"/>
        <line num="294" type="method" name="hasItem" crap="1" count="29"/>
        <line num="296" type="stmt" count="29"/>
        <line num="304" type="method" name="getSize" crap="1" count="42"/>
        <line num="306" type="stmt" count="42"/>
        <line num="314" type="method" name="addListener" crap="2" count="32"/>
        <line num="316" type="stmt" count="32"/>
        <line num="317" type="stmt" count="32"/>
        <line num="318" type="stmt" count="32"/>
        <line num="319" type="stmt" count="32"/>
        <line num="326" type="method" name="removeListener" crap="6" count="0"/>
        <line num="328" type="stmt" count="0"/>
        <line num="329" type="stmt" count="0"/>
        <line num="330" type="stmt" count="0"/>
        <line num="331" type="stmt" count="0"/>
        <line num="338" type="method" name="toArray" crap="1" count="30"/>
        <line num="340" type="stmt" count="30"/>
        <line num="346" type="method" name="propagateCollectionChangedEvent" crap="2" count="80"/>
        <line num="348" type="stmt" count="80"/>
        <line num="349" type="stmt" count="5"/>
        <line num="350" type="stmt" count="80"/>
        <line num="351" type="stmt" count="80"/>
        <metrics loc="352" ncloc="174" classes="1" methods="24" coveredmethods="21" conditionals="0" coveredconditionals="0" statements="65" coveredstatements="59" elements="89" coveredelements="80"/>
      </file>
      <file name="/home/vagrant/projects/Dat0r/src/Dat0r/Common/Collection/CollectionChangedEvent.php">
        <class name="CollectionChangedEvent" namespace="Dat0r\Common\Collection">
          <metrics methods="3" coveredmethods="3" conditionals="0" coveredconditionals="0" statements="5" coveredstatements="5" elements="8" coveredelements="8"/>
        </class>
        <line num="18" type="method" name="__construct" crap="1" count="80"/>
        <line num="20" type="stmt" count="80"/>
        <line num="21" type="stmt" count="80"/>
        <line num="22" type="stmt" count="80"/>
        <line num="24" type="method" name="getItem" crap="1" count="20"/>
        <line num="26" type="stmt" count="20"/>
        <line num="29" type="method" name="getType" crap="1" count="20"/>
        <line num="31" type="stmt" count="20"/>
        <metrics loc="33" ncloc="33" classes="1" methods="3" coveredmethods="3" conditionals="0" coveredconditionals="0" statements="5" coveredstatements="5" elements="8" coveredelements="8"/>
      </file>
      <file name="/home/vagrant/projects/Dat0r/src/Dat0r/Common/Collection/Map.php">
        <class name="Map" namespace="Dat0r\Common\Collection">
          <metrics methods="7" coveredmethods="6" conditionals="0" coveredconditionals="0" statements="26" coveredstatements="19" elements="33" coveredelements="25"/>
        </class>
        <line num="9" type="method" name="__construct" crap="1" count="53"/>
        <line num="11" type="stmt" count="53"/>
        <line num="13" type="stmt" count="53"/>
        <line num="14" type="stmt" count="53"/>
        <line num="19" type="method" name="offsetUnset" crap="2" count="2"/>
        <line num="21" type="stmt" count="2"/>
        <line num="22" type="stmt" count="2"/>
        <line num="23" type="stmt" count="2"/>
        <line num="24" type="stmt" count="2"/>
        <line num="25" type="stmt" count="2"/>
        <line num="26" type="stmt" count="2"/>
        <line num="27" type="stmt" count="2"/>
        <line num="28" type="stmt" count="2"/>
        <line num="32" type="method" name="filter" crap="12" count="0"/>
        <line num="34" type="stmt" count="0"/>
        <line num="36" type="stmt" count="0"/>
        <line num="37" type="stmt" count="0"/>
        <line num="38" type="stmt" count="0"/>
        <line num="39" type="stmt" count="0"/>
        <line num="40" type="stmt" count="0"/>
        <line num="42" type="stmt" count="0"/>
        <line num="47" type="method" name="setItem" crap="1" count="48"/>
        <line num="49" type="stmt" count="48"/>
        <line num="50" type="stmt" count="47"/>
        <line num="52" type="method" name="setItems" crap="2" count="53"/>
        <line num="54" type="stmt" count="53"/>
        <line num="55" type="stmt" count="42"/>
        <line num="56" type="stmt" count="53"/>
        <line num="57" type="stmt" count="53"/>
        <line num="59" type="method" name="getKeys" crap="1" count="6"/>
        <line num="61" type="stmt" count="6"/>
        <line num="64" type="method" name="getValues" crap="1" count="1"/>
        <line num="66" type="stmt" count="1"/>
        <metrics loc="68" ncloc="61" classes="1" methods="7" coveredmethods="6" conditionals="0" coveredconditionals="0" statements="26" coveredstatements="19" elements="33" coveredelements="25"/>
      </file>
      <file name="/home/vagrant/projects/Dat0r/src/Dat0r/Common/Collection/TypedList.php">
        <class name="TypedList" namespace="Dat0r\Common\Collection">
          <metrics methods="3" coveredmethods="2" conditionals="0" coveredconditionals="0" statements="15" coveredstatements="15" elements="18" coveredelements="17"/>
        </class>
        <line num="0" type="stmt" count="1"/>
        <line num="9" type="method" name="getItemImplementor" crap="1" count="0"/>
        <line num="11" type="method" name="offsetSet" crap="1" count="46"/>
        <line num="13" type="stmt" count="46"/>
        <line num="15" type="stmt" count="44"/>
        <line num="16" type="stmt" count="44"/>
        <line num="18" type="method" name="ensureValidItemType" crap="2" count="46"/>
        <line num="20" type="stmt" count="46"/>
        <line num="22" type="stmt" count="46"/>
        <line num="23" type="stmt" count="2"/>
        <line num="24" type="stmt" count="2"/>
        <line num="26" type="stmt" count="2"/>
        <line num="27" type="stmt" count="2"/>
        <line num="28" type="stmt" count="2"/>
        <line num="29" type="stmt" count="2"/>
        <line num="30" type="stmt" count="2"/>
        <line num="31" type="stmt" count="2"/>
        <line num="32" type="stmt" count="2"/>
        <line num="34" type="stmt" count="44"/>
        <line num="36" type="stmt" count="1"/>
        <metrics loc="35" ncloc="35" classes="1" methods="2" coveredmethods="2" conditionals="0" coveredconditionals="0" statements="15" coveredstatements="15" elements="17" coveredelements="17"/>
      </file>
      <file name="/home/vagrant/projects/Dat0r/src/Dat0r/Common/Collection/TypedMap.php">
        <class name="TypedMap" namespace="Dat0r\Common\Collection">
          <metrics methods="3" coveredmethods="2" conditionals="0" coveredconditionals="0" statements="20" coveredstatements="16" elements="23" coveredelements="18"/>
        </class>
        <line num="9" type="method" name="getItemImplementor" crap="1" count="0"/>
        <line num="11" type="method" name="offsetSet" crap="4.12" count="39"/>
        <line num="13" type="stmt" count="39"/>
        <line num="14" type="stmt" count="0"/>
        <line num="15" type="stmt" count="0"/>
        <line num="16" type="stmt" count="0"/>
        <line num="17" type="stmt" count="0"/>
        <line num="20" type="stmt" count="39"/>
        <line num="22" type="stmt" count="38"/>
        <line num="23" type="stmt" count="38"/>
        <line num="25" type="method" name="ensureValidItemType" crap="2" count="39"/>
        <line num="27" type="stmt" count="39"/>
        <line num="29" type="stmt" count="39"/>
        <line num="30" type="stmt" count="1"/>
        <line num="31" type="stmt" count="1"/>
        <line num="33" type="stmt" count="1"/>
        <line num="34" type="stmt" count="1"/>
        <line num="35" type="stmt" count="1"/>
        <line num="36" type="stmt" count="1"/>
        <line num="37" type="stmt" count="1"/>
        <line num="38" type="stmt" count="1"/>
        <line num="39" type="stmt" count="1"/>
        <line num="41" type="stmt" count="38"/>
        <metrics loc="42" ncloc="42" classes="1" methods="2" coveredmethods="1" conditionals="0" coveredconditionals="0" statements="20" coveredstatements="16" elements="22" coveredelements="17"/>
      </file>
    </package>
    <file name="/home/vagrant/projects/Dat0r/src/Dat0r/Common/Collection/IList.php">
      <line num="23" type="stmt" count="1"/>
      <metrics loc="22" ncloc="22" classes="0" methods="0" coveredmethods="0" conditionals="0" coveredconditionals="0" statements="0" coveredstatements="0" elements="0" coveredelements="0"/>
    </file>
    <file name="/home/vagrant/projects/Dat0r/src/Dat0r/Common/Collection/IListener.php">
      <line num="9" type="stmt" count="1"/>
      <metrics loc="8" ncloc="8" classes="0" methods="0" coveredmethods="0" conditionals="0" coveredconditionals="0" statements="0" coveredstatements="0" elements="0" coveredelements="0"/>
    </file>
    <package name="Dat0r\Common\Error">
      <file name="/home/vagrant/projects/Dat0r/src/Dat0r/Common/Error/BadValueException.php">
        <class name="BadValueException" namespace="Dat0r\Common\Error">
          <metrics methods="0" coveredmethods="0" conditionals="0" coveredconditionals="0" statements="0" coveredstatements="0" elements="0" coveredelements="0"/>
        </class>
        <line num="14" type="stmt" count="1"/>
        <metrics loc="13" ncloc="10" classes="1" methods="0" coveredmethods="0" conditionals="0" coveredconditionals="0" statements="0" coveredstatements="0" elements="0" coveredelements="0"/>
      </file>
      <file name="/home/vagrant/projects/Dat0r/src/Dat0r/Common/Error/FilesystemException.php">
        <class name="FilesystemException" namespace="Dat0r\Common\Error">
          <metrics methods="0" coveredmethods="0" conditionals="0" coveredconditionals="0" statements="0" coveredstatements="0" elements="0" coveredelements="0"/>
        </class>
        <line num="11" type="stmt" count="1"/>
[...]
        <line num="54" type="stmt" count="1"/>
        <line num="55" type="stmt" count="1"/>
        <line num="56" type="stmt" count="1"/>
        <line num="57" type="stmt" count="1"/>
        <line num="58" type="stmt" count="1"/>
        <line num="59" type="stmt" count="1"/>
        <line num="64" type="method" name="testGetFieldsMethodFiltered" crap="1" count="1"/>
        <line num="66" type="stmt" count="1"/>
        <line num="68" type="stmt" count="1"/>
        <line num="69" type="stmt" count="1"/>
        <line num="71" type="stmt" count="1"/>
        <line num="72" type="stmt" count="1"/>
        <line num="73" type="stmt" count="1"/>
        <line num="78" type="method" name="testCreateDocument" crap="1" count="1"/>
        <line num="80" type="stmt" count="1"/>
        <line num="81" type="stmt" count="1"/>
        <line num="82" type="stmt" count="1"/>
        <line num="88" type="method" name="testInvalidFieldException" crap="1" count="0"/>
        <line num="96" type="method" name="testInvalidDocumentImplementorException" crap="1" count="1"/>
        <line num="98" type="stmt" count="1"/>
        <metrics loc="109" ncloc="79" classes="1" methods="7" coveredmethods="7" conditionals="0" coveredconditionals="0" statements="36" coveredstatements="36" elements="43" coveredelements="43"/>
      </file>
    </package>
    <package name="Dat0r\Tests\Runtime\Sham">
      <file name="/home/vagrant/projects/Dat0r/tests/Dat0r/Runtime/Sham/DataGeneratorTest.php">
        <class name="DataGeneratorTest" namespace="Dat0r\Tests\Runtime\Sham">
          <metrics methods="24" coveredmethods="21" conditionals="0" coveredconditionals="0" statements="267" coveredstatements="267" elements="291" coveredelements="288"/>
        </class>
        <line num="0" type="stmt" count="2"/>
        <line num="16" type="method" name="setUp" crap="1" count="20"/>
        <line num="18" type="stmt" count="20"/>
        <line num="19" type="stmt" count="20"/>
        <line num="20" type="stmt" count="20"/>
        <line num="22" type="method" name="testDefaultDocument" crap="1" count="1"/>
        <line num="24" type="stmt" count="1"/>
        <line num="25" type="stmt" count="1"/>
        <line num="26" type="stmt" count="1"/>
        <line num="27" type="stmt" count="1"/>
        <line num="28" type="stmt" count="1"/>
        <line num="30" type="stmt" count="1"/>
        <line num="31" type="stmt" count="1"/>
        <line num="32" type="stmt" count="1"/>
        <line num="33" type="stmt" count="1"/>
        <line num="35" type="stmt" count="1"/>
        <line num="36" type="stmt" count="1"/>
        <line num="37" type="stmt" count="1"/>
        <line num="39" type="stmt" count="1"/>
        <line num="40" type="stmt" count="1"/>
        <line num="41" type="stmt" count="1"/>
        <line num="43" type="stmt" count="1"/>
        <line num="44" type="stmt" count="1"/>
        <line num="46" type="method" name="testFillDocument" crap="1" count="1"/>
        <line num="48" type="stmt" count="1"/>
        <line num="50" type="stmt" count="1"/>
        <line num="51" type="stmt" count="1"/>
        <line num="53" type="stmt" count="1"/>
        <line num="54" type="stmt" count="1"/>
        <line num="56" type="method" name="testFillDocumentClean" crap="1" count="1"/>
        <line num="58" type="stmt" count="1"/>
        <line num="60" type="stmt" count="1"/>
        <line num="61" type="stmt" count="1"/>
        <line num="63" type="stmt" count="1"/>
        <line num="64" type="stmt" count="1"/>
        <line num="65" type="stmt" count="1"/>
        <line num="67" type="method" name="testFillDocumentWithClosure" crap="1" count="1"/>
        <line num="69" type="stmt" count="1"/>
        <line num="70" type="stmt" count="1"/>
        <line num="72" type="stmt" count="1"/>
        <line num="73" type="stmt" count="1"/>
        <line num="74" type="stmt" count="1"/>
        <line num="75" type="stmt" count="1"/>
        <line num="77" type="stmt" count="1"/>
        <line num="78" type="stmt" count="1"/>
        <line num="79" type="stmt" count="1"/>
        <line num="81" type="stmt" count="1"/>
        <line num="82" type="stmt" count="1"/>
        <line num="84" type="stmt" count="1"/>
        <line num="85" type="stmt" count="1"/>
        <line num="86" type="stmt" count="1"/>
        <line num="88" type="method" name="testFillDocumentWithCallable" crap="1" count="1"/>
        <line num="90" type="stmt" count="1"/>
        <line num="91" type="stmt" count="1"/>
        <line num="93" type="stmt" count="1"/>
        <line num="94" type="stmt" count="1"/>
        <line num="95" type="stmt" count="1"/>
        <line num="96" type="stmt" count="1"/>
        <line num="97" type="stmt" count="1"/>
        <line num="98" type="stmt" count="1"/>
        <line num="100" type="stmt" count="1"/>
        <line num="101" type="stmt" count="1"/>
        <line num="103" type="stmt" count="1"/>
        <line num="104" type="stmt" count="1"/>
        <line num="105" type="stmt" count="1"/>
        <line num="107" type="method" name="testFillDocumentWithStaticCallable" crap="1" count="1"/>
        <line num="109" type="stmt" count="1"/>
        <line num="110" type="stmt" count="1"/>
        <line num="112" type="stmt" count="1"/>
        <line num="113" type="stmt" count="1"/>
        <line num="115" type="stmt" count="1"/>
        <line num="116" type="stmt" count="1"/>
        <line num="117" type="stmt" count="1"/>
        <line num="119" type="stmt" count="1"/>
        <line num="120" type="stmt" count="1"/>
        <line num="122" type="stmt" count="1"/>
        <line num="123" type="stmt" count="1"/>
        <line num="124" type="stmt" count="1"/>
        <line num="126" type="method" name="testFillDocumentWithMultipleClosures" crap="1" count="1"/>
        <line num="128" type="stmt" count="1"/>
        <line num="130" type="stmt" count="1"/>
        <line num="131" type="stmt" count="1"/>
        <line num="133" type="stmt" count="1"/>
        <line num="134" type="stmt" count="1"/>
        <line num="136" type="stmt" count="1"/>
        <line num="137" type="stmt" count="1"/>
        <line num="139" type="stmt" count="1"/>
        <line num="140" type="stmt" count="1"/>
        <line num="142" type="stmt" count="1"/>
        <line num="143" type="stmt" count="1"/>
        <line num="144" type="stmt" count="1"/>
        <line num="145" type="stmt" count="1"/>
        <line num="146" type="stmt" count="1"/>
        <line num="147" type="stmt" count="1"/>
        <line num="148" type="stmt" count="1"/>
        <line num="150" type="stmt" count="1"/>
        <line num="151" type="stmt" count="1"/>
        <line num="152" type="stmt" count="1"/>
        <line num="154" type="stmt" count="1"/>
        <line num="155" type="stmt" count="1"/>
        <line num="157" type="stmt" count="1"/>
        <line num="158" type="stmt" count="1"/>
        <line num="159" type="stmt" count="1"/>
        <line num="160" type="stmt" count="1"/>
        <line num="162" type="method" name="testFillDocumentBoolean" crap="1" count="1"/>
        <line num="164" type="stmt" count="1"/>
        <line num="166" type="stmt" count="1"/>
        <line num="167" type="stmt" count="1"/>
        <line num="169" type="method" name="testFillDocumentTextCollection" crap="1" count="1"/>
        <line num="171" type="stmt" count="1"/>
        <line num="173" type="stmt" count="1"/>
        <line num="174" type="stmt" count="1"/>
        <line num="176" type="stmt" count="1"/>
        <line num="178" type="stmt" count="1"/>
        <line num="179" type="stmt" count="1"/>
        <line num="181" type="stmt" count="1"/>
        <line num="183" type="stmt" count="1"/>
        <line num="184" type="stmt" count="1"/>
        <line num="185" type="stmt" count="1"/>
        <line num="187" type="stmt" count="1"/>
        <line num="188" type="stmt" count="1"/>
        <line num="190" type="method" name="testFillDocumentAggregate" crap="1" count="1"/>
        <line num="192" type="stmt" count="1"/>
        <line num="193" type="stmt" count="1"/>
        <line num="194" type="stmt" count="1"/>
        <line num="196" type="stmt" count="1"/>
        <line num="197" type="stmt" count="1"/>
        <line num="198" type="stmt" count="1"/>
        <line num="199" type="stmt" count="1"/>
        <line num="201" type="method" name="testFillDocumentGuessTextFieldEmail" crap="1" count="1"/>
        <line num="203" type="stmt" count="1"/>
        <line num="205" type="stmt" count="1"/>
        <line num="206" type="stmt" count="1"/>
        <line num="208" type="stmt" count="1"/>
        <line num="210" type="stmt" count="1"/>
        <line num="211" type="stmt" count="1"/>
        <line num="212" type="stmt" count="1"/>
        <line num="214" type="method" name="testFillDocumentGuessTextFieldAuthor" crap="5" count="1"/>
        <line num="216" type="stmt" count="1"/>
        <line num="217" type="stmt" count="1"/>
        <line num="218" type="stmt" count="1"/>
        <line num="219" type="stmt" count="1"/>
        <line num="221" type="stmt" count="1"/>
        <line num="222" type="stmt" count="1"/>
        <line num="224" type="stmt" count="1"/>
        <line num="226" type="stmt" count="1"/>
        <line num="227" type="stmt" count="1"/>
        <line num="228" type="stmt" count="1"/>
        <line num="229" type="stmt" count="1"/>
        <line num="230" type="stmt" count="1"/>
        <line num="231" type="stmt" count="1"/>
        <line num="233" type="stmt" count="1"/>
        <line num="235" type="stmt" count="1"/>
        <line num="236" type="stmt" count="1"/>
        <line num="238" type="stmt" count="1"/>
        <line num="240" type="stmt" count="1"/>
        <line num="241" type="stmt" count="1"/>
        <line num="242" type="stmt" count="1"/>
        <line num="243" type="stmt" count="1"/>
        <line num="244" type="stmt" count="1"/>
        <line num="245" type="stmt" count="1"/>
        <line num="246" type="stmt" count="1"/>
        <line num="247" type="stmt" count="1"/>
        <line num="248" type="stmt" count="1"/>
        <line num="250" type="stmt" count="1"/>
        <line num="251" type="stmt" count="1"/>
        <line num="252" type="stmt" count="1"/>
        <line num="253" type="stmt" count="1"/>
        <line num="254" type="stmt" count="1"/>
        <line num="255" type="stmt" count="1"/>
        <line num="257" type="stmt" count="1"/>
        <line num="258" type="stmt" count="1"/>
        <line num="259" type="stmt" count="1"/>
        <line num="261" type="stmt" count="1"/>
        <line num="263" type="stmt" count="1"/>
        <line num="264" type="stmt" count="1"/>
        <line num="265" type="stmt" count="1"/>
        <line num="266" type="stmt" count="1"/>
        <line num="268" type="stmt" count="1"/>
        <line num="269" type="stmt" count="1"/>
        <line num="270" type="stmt" count="1"/>
        <line num="272" type="method" name="testFillDocumentGuessTextFieldAuthorDisabled" crap="5" count="1"/>
        <line num="274" type="stmt" count="1"/>
        <line num="275" type="stmt" count="1"/>
        <line num="277" type="stmt" count="1"/>
        <line num="278" type="stmt" count="1"/>
        <line num="279" type="stmt" count="1"/>
        <line num="280" type="stmt" count="1"/>
        <line num="282" type="stmt" count="1"/>
        <line num="283" type="stmt" count="1"/>
        <line num="285" type="stmt" count="1"/>
        <line num="287" type="stmt" count="1"/>
        <line num="288" type="stmt" count="1"/>
        <line num="289" type="stmt" count="1"/>
        <line num="290" type="stmt" count="1"/>
        <line num="291" type="stmt" count="1"/>
        <line num="292" type="stmt" count="1"/>
        <line num="294" type="stmt" count="1"/>
        <line num="296" type="stmt" count="1"/>
        <line num="297" type="stmt" count="1"/>
        <line num="299" type="stmt" count="1"/>
        <line num="301" type="stmt" count="1"/>
        <line num="302" type="stmt" count="1"/>
        <line num="303" type="stmt" count="1"/>
        <line num="304" type="stmt" count="1"/>
        <line num="305" type="stmt" count="1"/>
        <line num="306" type="stmt" count="1"/>
        <line num="307" type="stmt" count="1"/>
        <line num="308" type="stmt" count="1"/>
        <line num="309" type="stmt" count="1"/>
        <line num="311" type="stmt" count="1"/>
        <line num="312" type="stmt" count="1"/>
        <line num="313" type="stmt" count="1"/>
        <line num="314" type="stmt" count="1"/>
        <line num="315" type="stmt" count="1"/>
        <line num="316" type="stmt" count="1"/>
        <line num="318" type="stmt" count="1"/>
        <line num="319" type="stmt" count="1"/>
        <line num="320" type="stmt" count="1"/>
        <line num="322" type="stmt" count="1"/>
        <line num="324" type="stmt" count="1"/>
        <line num="325" type="stmt" count="1"/>
        <line num="326" type="stmt" count="1"/>
        <line num="327" type="stmt" count="1"/>
        <line num="329" type="stmt" count="1"/>
        <line num="330" type="stmt" count="1"/>
        <line num="331" type="stmt" count="1"/>
        <line num="333" type="method" name="testFillDocumentIgnoreField" crap="1" count="1"/>
        <line num="335" type="stmt" count="1"/>
        <line num="336" type="stmt" count="1"/>
        <line num="337" type="stmt" count="1"/>
        <line num="338" type="stmt" count="1"/>
        <line num="340" type="stmt" count="1"/>
        <line num="341" type="stmt" count="1"/>
        <line num="342" type="stmt" count="1"/>
        <line num="344" type="stmt" count="1"/>
        <line num="345" type="stmt" count="1"/>
        <line num="347" type="stmt" count="1"/>
        <line num="348" type="stmt" count="1"/>
        <line num="349" type="stmt" count="1"/>
        <line num="350" type="stmt" count="1"/>
        <line num="351" type="stmt" count="1"/>
        <line num="352" type="stmt" count="1"/>
        <line num="354" type="stmt" count="1"/>
        <line num="386" type="method" name="testCreateDataFor" crap="1" count="1"/>
        <line num="388" type="stmt" count="1"/>
        <line num="389" type="stmt" count="1"/>
        <line num="391" type="stmt" count="1"/>
        <line num="393" type="stmt" count="1"/>
        <line num="394" type="stmt" count="1"/>
        <line num="395" type="stmt" count="1"/>
        <line num="397" type="stmt" count="1"/>
        <line num="398" type="stmt" count="1"/>
        <line num="399" type="stmt" count="1"/>
        <line num="400" type="stmt" count="1"/>
        <line num="401" type="stmt" count="1"/>
        <line num="402" type="stmt" count="1"/>
        <line num="403" type="stmt" count="1"/>
        <line num="404" type="stmt" count="1"/>
        <line num="405" type="stmt" count="1"/>
        <line num="407" type="stmt" count="1"/>
        <line num="408" type="stmt" count="1"/>
        <line num="410" type="method" name="testCreateDocument" crap="1" count="1"/>
        <line num="412" type="stmt" count="1"/>
        <line num="414" type="stmt" count="1"/>
        <line num="415" type="stmt" count="1"/>
        <line num="416" type="stmt" count="1"/>
        <line num="418" type="method" name="testCreateDocuments" crap="2" count="1"/>
        <line num="420" type="stmt" count="1"/>
        <line num="421" type="stmt" count="1"/>
        <line num="422" type="stmt" count="1"/>
        <line num="424" type="stmt" count="1"/>
        <line num="425" type="stmt" count="1"/>
        <line num="426" type="stmt" count="1"/>
        <line num="427" type="stmt" count="1"/>
        <line num="429" type="stmt" count="1"/>
        <line num="431" type="stmt" count="1"/>
        <line num="432" type="stmt" count="1"/>
        <line num="433" type="stmt" count="1"/>
        <line num="434" type="stmt" count="1"/>
        <line num="435" type="stmt" count="1"/>
        <line num="436" type="stmt" count="1"/>
        <line num="438" type="method" name="getTrololo" crap="1" count="1"/>
        <line num="440" type="stmt" count="1"/>
        <line num="443" type="method" name="getStaticTrololo" crap="1" count="1"/>
        <line num="445" type="stmt" count="1"/>
        <metrics loc="447" ncloc="419" classes="1" methods="21" coveredmethods="21" conditionals="0" coveredconditionals="0" statements="265" coveredstatements="265" elements="286" coveredelements="286"/>
      </file>
    </package>
    <package name="Dat0r\Tests\Runtime\ValueHolder">
      <file name="/home/vagrant/projects/Dat0r/tests/Dat0r/Runtime/ValueHolder/Type/AggregateValueHolderTest.php">
        <class name="AggregateValueHolderTest" namespace="Dat0r\Tests\Runtime\ValueHolder">
          <metrics methods="3" coveredmethods="3" conditionals="0" coveredconditionals="0" statements="36" coveredstatements="36" elements="39" coveredelements="39"/>
        </class>
        <line num="14" type="method" name="testCreate" crap="1" count="1"/>
        <line num="16" type="stmt" count="1"/>
        <line num="17" type="stmt" count="1"/>
        <line num="18" type="stmt" count="1"/>
        <line num="20" type="stmt" count="1"/>
        <line num="22" type="stmt" count="1"/>
        <line num="23" type="stmt" count="1"/>
        <line num="25" type="stmt" count="1"/>
        <line num="26" type="stmt" count="1"/>
        <line num="28" type="method" name="testDefaultValue" crap="1" count="1"/>
        <line num="30" type="stmt" count="1"/>
        <line num="31" type="stmt" count="1"/>
        <line num="33" type="stmt" count="1"/>
        <line num="35" type="stmt" count="1"/>
        <line num="37" type="stmt" count="1"/>
        <line num="39" type="stmt" count="1"/>
        <line num="40" type="stmt" count="1"/>
        <line num="41" type="stmt" count="1"/>
        <line num="42" type="stmt" count="1"/>
        <line num="44" type="method" name="testValueChangedEvents" crap="1" count="1"/>
        <line num="46" type="stmt" count="1"/>
        <line num="47" type="stmt" count="1"/>
        <line num="49" type="stmt" count="1"/>
        <line num="51" type="stmt" count="1"/>
        <line num="52" type="stmt" count="1"/>
        <line num="53" type="stmt" count="1"/>
        <line num="54" type="stmt" count="1"/>
        <line num="56" type="stmt" count="1"/>
        <line num="57" type="stmt" count="1"/>
        <line num="59" type="stmt" count="1"/>
        <line num="61" type="stmt" count="1"/>
        <line num="63" type="stmt" count="1"/>
        <line num="64" type="stmt" count="1"/>
        <line num="66" type="stmt" count="1"/>
        <line num="67" type="stmt" count="1"/>
        <line num="69" type="stmt" count="1"/>
        <line num="71" type="stmt" count="1"/>
        <line num="72" type="stmt" count="1"/>
        <line num="73" type="stmt" count="1"/>
        <metrics loc="74" ncloc="74" classes="1" methods="3" coveredmethods="3" conditionals="0" coveredconditionals="0" statements="36" coveredstatements="36" elements="39" coveredelements="39"/>
      </file>
    </package>
    <package name="Dat0r\Tests">
      <file name="/home/vagrant/projects/Dat0r/tests/Dat0r/TestCase.php">
        <class name="TestCase" namespace="Dat0r\Tests">
          <metrics methods="1" coveredmethods="0" conditionals="0" coveredconditionals="0" statements="0" coveredstatements="0" elements="1" coveredelements="0"/>
        </class>
        <metrics loc="17" ncloc="13" classes="1" methods="0" coveredmethods="0" conditionals="0" coveredconditionals="0" statements="0" coveredstatements="0" elements="0" coveredelements="0"/>
      </file>
    </package>
    <metrics files="144" loc="9829" ncloc="7795" classes="127" methods="505" coveredmethods="381" conditionals="0" coveredconditionals="0" statements="3358" coveredstatements="2797" elements="3863" coveredelements="3178"/>
  </project>
</coverage>
